<?xml version="1.0" encoding="UTF-8"?>
<testng-results skipped="0" failed="0" ignored="0" total="1" passed="1">
  <reporter-output>
  </reporter-output>
  <suite name="Default suite" duration-ms="48166" started-at="2020-10-25T18:48:39Z" finished-at="2020-10-25T18:49:27Z">
    <groups>
    </groups>
    <test name="Default test" duration-ms="48166" started-at="2020-10-25T18:48:39Z" finished-at="2020-10-25T18:49:27Z">
      <class name="IGT.ZZ_Onbarding.Homepage">
        <test-method status="PASS" signature="initialize()[pri:0, instance:IGT.ZZ_Onbarding.Homepage@1e88b3c]" name="initialize" is-config="true" duration-ms="8538" started-at="2020-10-25T18:48:39Z" finished-at="2020-10-25T18:48:47Z">
          <reporter-output>
          </reporter-output>
        </test-method> <!-- initialize -->
        <test-method status="PASS" signature="basePageNavigation()[pri:0, instance:IGT.ZZ_Onbarding.Homepage@1e88b3c]" name="basePageNavigation" duration-ms="39581" started-at="2020-10-25T18:48:47Z" finished-at="2020-10-25T18:49:27Z">
          <reporter-output>
          </reporter-output>
        </test-method> <!-- basePageNavigation -->
      </class> <!-- IGT.ZZ_Onbarding.Homepage -->
    </test> <!-- Default test -->
  </suite> <!-- Default suite -->
</testng-results>
